<?xml version="1.0" encoding="UTF-8"?>
<!-- Generated by org.testng.reporters.JUnitReportReporter -->
<testsuite hostname="DESKTOP-5TBA1DE" failures="0" tests="1" name="testCases.LoginTest" time="28.391" errors="0" timestamp="2024-08-15T09:00:06 IST" skipped="0">
  <testcase classname="testCases.LoginTest" name="testLogin" time="28.391"/>
  <system-out/>
</testsuite> <!-- testCases.LoginTest -->
