<?xml version="1.0" encoding="UTF-8"?>
<!-- Generated by org.testng.reporters.JUnitReportReporter -->
<testsuite hostname="DESKTOP-5TBA1DE" failures="0" tests="1" name="Test.LoginTest" time="10.537" errors="0" timestamp="2024-08-10T19:52:31 IST" skipped="0">
  <testcase classname="Test.LoginTest" name="testLogin" time="10.537"/>
  <system-out/>
</testsuite> <!-- Test.LoginTest -->
