<?xml version="1.0" encoding="UTF-8"?>
<!-- Generated by org.testng.reporters.JUnitReportReporter -->
<testsuite hostname="DESKTOP-5TBA1DE" failures="0" tests="1" name="testCases.AddToCartTest" time="31.119" errors="0" timestamp="2024-08-13T12:13:17 IST" skipped="0">
  <testcase classname="testCases.AddToCartTest" name="verify_addToCart" time="31.119"/>
  <system-out/>
</testsuite> <!-- testCases.AddToCartTest -->
