<?xml version="1.0" encoding="UTF-8"?>
<!-- Generated by org.testng.reporters.JUnitReportReporter -->
<testsuite hostname="DESKTOP-5TBA1DE" failures="0" tests="1" name="testCases.AddToCartTest2" time="32.612" errors="0" timestamp="2024-08-13T12:46:37 IST" skipped="0">
  <testcase classname="testCases.AddToCartTest2" name="verify_addToCart" time="32.612"/>
  <system-out/>
</testsuite> <!-- testCases.AddToCartTest2 -->
